{"uuid":"405baa83-9102-4698-afec-0c202d135214","historyId":"9503bf0067bceeec8ddc504a2ff111da","testCaseId":"[engine:junit-jupiter]/[class:com.mts.tests.BookingTest]/[method:testBookingSearch()]","testCaseName":"Тест поиска отелей в Праге","fullName":"com.mts.tests.BookingTest.testBookingSearch","labels":[{"name":"tag","value":"critical"},{"name":"junit.platform.uniqueid","value":"[engine:junit-jupiter]/[class:com.mts.tests.BookingTest]/[method:testBookingSearch()]"},{"name":"epic","value":"Функциональность бронирования"},{"name":"feature","value":"Поиск отелей"},{"name":"host","value":"MacBook-Pro-Tatiana.local"},{"name":"thread","value":"25291@MacBook-Pro-Tatiana.local.main(1)"},{"name":"framework","value":"junit-platform"},{"name":"language","value":"java"},{"name":"package","value":"com.mts.tests.BookingTest"},{"name":"testClass","value":"com.mts.tests.BookingTest"},{"name":"testMethod","value":"testBookingSearch"},{"name":"suite","value":"com.mts.tests.BookingTest"}],"links":[],"name":"Тест поиска отелей в Праге","status":"failed","statusDetails":{"known":false,"muted":false,"flaky":false,"message":"Invalid element state [By.xpath: //button[.//span[text()='Найти']]]: element click intercepted: Element <button type=\"submit\" class=\"a83ed08757 c21c56c305 a4c1805887 f671049264 a2abacf76b c082d89982 cceeb8986b b9fd3c6b3c\">...</button> is not clickable at point (1356, 365). Other element would receive the click: <div class=\"eb33ef7c47\">...</div>\nScreenshot: file:/Users/tatianakontsaeva/Downloads/exercise-2.2-master/build/reports/tests/1734433912111.0.png\nPage source: file:/Users/tatianakontsaeva/Downloads/exercise-2.2-master/build/reports/tests/1734433912111.0.html\nTimeout: 10 s.\nCaused by: ElementClickInterceptedException: element click intercepted: Element <button type=\"submit\" class=\"a83ed08757 c21c56c305 a4c1805887 f671049264 a2abacf76b c082d89982 cceeb8986b b9fd3c6b3c\">...</button> is not clickable at point (1356, 365). Other element would receive the click: <div class=\"eb33ef7c47\">...</div>","trace":"Invalid element state [By.xpath: //button[.//span[text()='Найти']]]: element click intercepted: Element <button type=\"submit\" class=\"a83ed08757 c21c56c305 a4c1805887 f671049264 a2abacf76b c082d89982 cceeb8986b b9fd3c6b3c\">...</button> is not clickable at point (1356, 365). Other element would receive the click: <div class=\"eb33ef7c47\">...</div>\nScreenshot: file:/Users/tatianakontsaeva/Downloads/exercise-2.2-master/build/reports/tests/1734433912111.0.png\nPage source: file:/Users/tatianakontsaeva/Downloads/exercise-2.2-master/build/reports/tests/1734433912111.0.html\nTimeout: 10 s.\nCaused by: ElementClickInterceptedException: element click intercepted: Element <button type=\"submit\" class=\"a83ed08757 c21c56c305 a4c1805887 f671049264 a2abacf76b c082d89982 cceeb8986b b9fd3c6b3c\">...</button> is not clickable at point (1356, 365). Other element would receive the click: <div class=\"eb33ef7c47\">...</div>\n\tat com.codeborne.selenide.impl.ExceptionWrapper.wrap(ExceptionWrapper.java:26)\n\tat com.codeborne.selenide.impl.SelenideElementProxy.dispatchAndRetry(SelenideElementProxy.java:154)\n\tat com.codeborne.selenide.impl.SelenideElementProxy.invoke(SelenideElementProxy.java:84)\n\tat jdk.proxy2/jdk.proxy2.$Proxy16.click(Unknown Source)\n\tat com.mts.pages.HomePage.clickSearchButton(HomePage.java:46)\n\tat com.mts.tests.BookingTest.testBookingSearch(BookingTest.java:65)\n\tat java.base/java.lang.reflect.Method.invoke(Method.java:580)\n\tat java.base/java.util.ArrayList.forEach(ArrayList.java:1597)\n\tat java.base/java.util.ArrayList.forEach(ArrayList.java:1597)\nCaused by: org.openqa.selenium.ElementClickInterceptedException: element click intercepted: Element <button type=\"submit\" class=\"a83ed08757 c21c56c305 a4c1805887 f671049264 a2abacf76b c082d89982 cceeb8986b b9fd3c6b3c\">...</button> is not clickable at point (1356, 365). Other element would receive the click: <div class=\"eb33ef7c47\">...</div>\n  (Session info: chrome=131.0.6778.140)\nBuild info: version: '4.13.0', revision: 'ba948ece5b*'\nSystem info: os.name: 'Mac OS X', os.arch: 'aarch64', os.version: '14.6.1', java.version: '23.0.1'\nDriver info: org.openqa.selenium.chrome.ChromeDriver\nCommand: [06f08ca034a9fdcbcec0de7209a7bf26, clickElement {id=f.C9B91A4385E302FA540A6574F05FFFD2.d.AC9F63917D0F50ECD4A38AEED8418B0A.e.192}]\nCapabilities {acceptInsecureCerts: true, browserName: chrome, browserVersion: 131.0.6778.140, chrome: {chromedriverVersion: 131.0.6778.108 (3b014839fbc..., userDataDir: /var/folders/fy/h29xy59d11s...}, fedcm:accounts: true, goog:chromeOptions: {debuggerAddress: localhost:58981}, networkConnectionEnabled: false, pageLoadStrategy: normal, platformName: mac, proxy: Proxy(), se:cdp: ws://localhost:58981/devtoo..., se:cdpVersion: 131.0.6778.140, setWindowRect: true, strictFileInteractability: false, timeouts: {implicit: 0, pageLoad: 300000, script: 30000}, unhandledPromptBehavior: accept, webauthn:extension:credBlob: true, webauthn:extension:largeBlob: true, webauthn:extension:minPinLength: true, webauthn:extension:prf: true, webauthn:virtualAuthenticators: true}\nElement: [[ChromeDriver: chrome on mac (06f08ca034a9fdcbcec0de7209a7bf26)] -> xpath: //button[.//span[text()='Найти']]]\nSession ID: 06f08ca034a9fdcbcec0de7209a7bf26\n\tat java.base/jdk.internal.reflect.DirectConstructorHandleAccessor.newInstance(DirectConstructorHandleAccessor.java:62)\n\tat java.base/java.lang.reflect.Constructor.newInstanceWithCaller(Constructor.java:501)\n\tat java.base/java.lang.reflect.Constructor.newInstance(Constructor.java:485)\n\tat org.openqa.selenium.remote.codec.w3c.W3CHttpResponseCodec.createException(W3CHttpResponseCodec.java:200)\n\tat org.openqa.selenium.remote.codec.w3c.W3CHttpResponseCodec.decode(W3CHttpResponseCodec.java:133)\n\tat org.openqa.selenium.remote.codec.w3c.W3CHttpResponseCodec.decode(W3CHttpResponseCodec.java:52)\n\tat org.openqa.selenium.remote.HttpCommandExecutor.execute(HttpCommandExecutor.java:191)\n\tat org.openqa.selenium.remote.service.DriverCommandExecutor.invokeExecute(DriverCommandExecutor.java:196)\n\tat org.openqa.selenium.remote.service.DriverCommandExecutor.execute(DriverCommandExecutor.java:171)\n\tat org.openqa.selenium.remote.RemoteWebDriver.execute(RemoteWebDriver.java:602)\n\tat org.openqa.selenium.remote.RemoteWebElement.execute(RemoteWebElement.java:224)\n\tat org.openqa.selenium.remote.RemoteWebElement.click(RemoteWebElement.java:77)\n\tat com.codeborne.selenide.commands.Click.defaultClick(Click.java:97)\n\tat com.codeborne.selenide.commands.Click.click(Click.java:54)\n\tat com.codeborne.selenide.commands.Click.execute(Click.java:31)\n\tat com.codeborne.selenide.commands.Click.execute(Click.java:21)\n\tat com.codeborne.selenide.commands.Commands.execute(Commands.java:165)\n\tat com.codeborne.selenide.impl.SelenideElementProxy.dispatchAndRetry(SelenideElementProxy.java:132)\n\t... 7 more\n"},"stage":"finished","description":"Тест поиска отелей по карте в Праге","steps":[{"name":"$(\"open\") https://booking.com/","status":"passed","stage":"finished","steps":[{"name":"$(\"webdriver\") create()","status":"passed","stage":"finished","steps":[],"attachments":[],"parameters":[],"start":1734433897092,"stop":1734433898739}],"attachments":[],"parameters":[],"start":1734433897091,"stop":1734433900896},{"name":"$(\"input[name='ss']\") set value(Прага)","status":"passed","stage":"finished","steps":[],"attachments":[],"parameters":[],"start":1734433900898,"stop":1734433901345},{"name":"$(\"button[data-testid='date-display-field-start']\") click()","status":"passed","stage":"finished","steps":[],"attachments":[],"parameters":[],"start":1734433901345,"stop":1734433901490},{"name":"$(\"#flexible-searchboxdatepicker-tab-trigger\") should be(visible)","status":"passed","stage":"finished","steps":[],"attachments":[],"parameters":[],"start":1734433901491,"stop":1734433901553},{"name":"$(\"#flexible-searchboxdatepicker-tab-trigger\") click()","status":"passed","stage":"finished","steps":[],"attachments":[],"parameters":[],"start":1734433901553,"stop":1734433901642},{"name":"$(\"By.xpath: //label//div[contains(text(), 'На выходные')]\") should be(visible)","status":"passed","stage":"finished","steps":[],"attachments":[],"parameters":[],"start":1734433901642,"stop":1734433901661},{"name":"$(\"By.xpath: //label//div[contains(text(), 'На выходные')]\") click()","status":"passed","stage":"finished","steps":[],"attachments":[],"parameters":[],"start":1734433901661,"stop":1734433901719},{"name":"$(\"By.xpath: //label[@data-testid='flexible-dates-month']//span[contains(text(), 'Янв') and following-sibling::span[text()='2025']]\") should be(visible)","status":"passed","stage":"finished","steps":[],"attachments":[],"parameters":[],"start":1734433901719,"stop":1734433901746},{"name":"$(\"By.xpath: //label[@data-testid='flexible-dates-month']//span[contains(text(), 'Янв') and following-sibling::span[text()='2025']]\") click()","status":"passed","stage":"finished","steps":[],"attachments":[],"parameters":[],"start":1734433901746,"stop":1734433901831},{"name":"$(\"button:has(span.e4adce92df)\") should be(enabled)","status":"passed","stage":"finished","steps":[],"attachments":[],"parameters":[],"start":1734433901831,"stop":1734433901846},{"name":"$(\"button:has(span.e4adce92df)\") click()","status":"passed","stage":"finished","steps":[],"attachments":[],"parameters":[],"start":1734433901846,"stop":1734433901930},{"name":"$(\"By.xpath: //button[.//span[text()='Найти']]\") click()","status":"failed","statusDetails":{"known":false,"muted":false,"flaky":false,"message":"Invalid element state [By.xpath: //button[.//span[text()='Найти']]]: element click intercepted: Element <button type=\"submit\" class=\"a83ed08757 c21c56c305 a4c1805887 f671049264 a2abacf76b c082d89982 cceeb8986b b9fd3c6b3c\">...</button> is not clickable at point (1356, 365). Other element would receive the click: <div class=\"eb33ef7c47\">...</div>\nScreenshot: file:/Users/tatianakontsaeva/Downloads/exercise-2.2-master/build/reports/tests/1734433912111.0.png\nPage source: file:/Users/tatianakontsaeva/Downloads/exercise-2.2-master/build/reports/tests/1734433912111.0.html\nTimeout: 10 s.\nCaused by: ElementClickInterceptedException: element click intercepted: Element <button type=\"submit\" class=\"a83ed08757 c21c56c305 a4c1805887 f671049264 a2abacf76b c082d89982 cceeb8986b b9fd3c6b3c\">...</button> is not clickable at point (1356, 365). Other element would receive the click: <div class=\"eb33ef7c47\">...</div>","trace":"Invalid element state [By.xpath: //button[.//span[text()='Найти']]]: element click intercepted: Element <button type=\"submit\" class=\"a83ed08757 c21c56c305 a4c1805887 f671049264 a2abacf76b c082d89982 cceeb8986b b9fd3c6b3c\">...</button> is not clickable at point (1356, 365). Other element would receive the click: <div class=\"eb33ef7c47\">...</div>\nScreenshot: file:/Users/tatianakontsaeva/Downloads/exercise-2.2-master/build/reports/tests/1734433912111.0.png\nPage source: file:/Users/tatianakontsaeva/Downloads/exercise-2.2-master/build/reports/tests/1734433912111.0.html\nTimeout: 10 s.\nCaused by: ElementClickInterceptedException: element click intercepted: Element <button type=\"submit\" class=\"a83ed08757 c21c56c305 a4c1805887 f671049264 a2abacf76b c082d89982 cceeb8986b b9fd3c6b3c\">...</button> is not clickable at point (1356, 365). Other element would receive the click: <div class=\"eb33ef7c47\">...</div>\n\tat com.codeborne.selenide.impl.ExceptionWrapper.wrap(ExceptionWrapper.java:26)\n\tat com.codeborne.selenide.impl.SelenideElementProxy.dispatchAndRetry(SelenideElementProxy.java:154)\n\tat com.codeborne.selenide.impl.SelenideElementProxy.invoke(SelenideElementProxy.java:84)\n\tat jdk.proxy2/jdk.proxy2.$Proxy16.click(Unknown Source)\n\tat com.mts.pages.HomePage.clickSearchButton(HomePage.java:46)\n\tat com.mts.tests.BookingTest.testBookingSearch(BookingTest.java:65)\n\tat java.base/jdk.internal.reflect.DirectMethodHandleAccessor.invoke(DirectMethodHandleAccessor.java:103)\n\tat java.base/java.lang.reflect.Method.invoke(Method.java:580)\n\tat org.junit.platform.commons.util.ReflectionUtils.invokeMethod(ReflectionUtils.java:728)\n\tat org.junit.jupiter.engine.execution.MethodInvocation.proceed(MethodInvocation.java:60)\n\tat org.junit.jupiter.engine.execution.InvocationInterceptorChain$ValidatingInvocation.proceed(InvocationInterceptorChain.java:131)\n\tat org.junit.jupiter.engine.extension.TimeoutExtension.intercept(TimeoutExtension.java:156)\n\tat org.junit.jupiter.engine.extension.TimeoutExtension.interceptTestableMethod(TimeoutExtension.java:147)\n\tat org.junit.jupiter.engine.extension.TimeoutExtension.interceptTestMethod(TimeoutExtension.java:86)\n\tat org.junit.jupiter.engine.execution.InterceptingExecutableInvoker$ReflectiveInterceptorCall.lambda$ofVoidMethod$0(InterceptingExecutableInvoker.java:103)\n\tat org.junit.jupiter.engine.execution.InterceptingExecutableInvoker.lambda$invoke$0(InterceptingExecutableInvoker.java:93)\n\tat org.junit.jupiter.engine.execution.InvocationInterceptorChain$InterceptedInvocation.proceed(InvocationInterceptorChain.java:106)\n\tat org.junit.jupiter.engine.execution.InvocationInterceptorChain.proceed(InvocationInterceptorChain.java:64)\n\tat org.junit.jupiter.engine.execution.InvocationInterceptorChain.chainAndInvoke(InvocationInterceptorChain.java:45)\n\tat org.junit.jupiter.engine.execution.InvocationInterceptorChain.invoke(InvocationInterceptorChain.java:37)\n\tat org.junit.jupiter.engine.execution.InterceptingExecutableInvoker.invoke(InterceptingExecutableInvoker.java:92)\n\tat org.junit.jupiter.engine.execution.InterceptingExecutableInvoker.invoke(InterceptingExecutableInvoker.java:86)\n\tat org.junit.jupiter.engine.descriptor.TestMethodTestDescriptor.lambda$invokeTestMethod$7(TestMethodTestDescriptor.java:218)\n\tat org.junit.platform.engine.support.hierarchical.ThrowableCollector.execute(ThrowableCollector.java:73)\n\tat org.junit.jupiter.engine.descriptor.TestMethodTestDescriptor.invokeTestMethod(TestMethodTestDescriptor.java:214)\n\tat org.junit.jupiter.engine.descriptor.TestMethodTestDescriptor.execute(TestMethodTestDescriptor.java:139)\n\tat org.junit.jupiter.engine.descriptor.TestMethodTestDescriptor.execute(TestMethodTestDescriptor.java:69)\n\tat org.junit.platform.engine.support.hierarchical.NodeTestTask.lambda$executeRecursively$6(NodeTestTask.java:151)\n\tat org.junit.platform.engine.support.hierarchical.ThrowableCollector.execute(ThrowableCollector.java:73)\n\tat org.junit.platform.engine.support.hierarchical.NodeTestTask.lambda$executeRecursively$8(NodeTestTask.java:141)\n\tat org.junit.platform.engine.support.hierarchical.Node.around(Node.java:137)\n\tat org.junit.platform.engine.support.hierarchical.NodeTestTask.lambda$executeRecursively$9(NodeTestTask.java:139)\n\tat org.junit.platform.engine.support.hierarchical.ThrowableCollector.execute(ThrowableCollector.java:73)\n\tat org.junit.platform.engine.support.hierarchical.NodeTestTask.executeRecursively(NodeTestTask.java:138)\n\tat org.junit.platform.engine.support.hierarchical.NodeTestTask.execute(NodeTestTask.java:95)\n\tat java.base/java.util.ArrayList.forEach(ArrayList.java:1597)\n\tat org.junit.platform.engine.support.hierarchical.SameThreadHierarchicalTestExecutorService.invokeAll(SameThreadHierarchicalTestExecutorService.java:41)\n\tat org.junit.platform.engine.support.hierarchical.NodeTestTask.lambda$executeRecursively$6(NodeTestTask.java:155)\n\tat org.junit.platform.engine.support.hierarchical.ThrowableCollector.execute(ThrowableCollector.java:73)\n\tat org.junit.platform.engine.support.hierarchical.NodeTestTask.lambda$executeRecursively$8(NodeTestTask.java:141)\n\tat org.junit.platform.engine.support.hierarchical.Node.around(Node.java:137)\n\tat org.junit.platform.engine.support.hierarchical.NodeTestTask.lambda$executeRecursively$9(NodeTestTask.java:139)\n\tat org.junit.platform.engine.support.hierarchical.ThrowableCollector.execute(ThrowableCollector.java:73)\n\tat org.junit.platform.engine.support.hierarchical.NodeTestTask.executeRecursively(NodeTestTask.java:138)\n\tat org.junit.platform.engine.support.hierarchical.NodeTestTask.execute(NodeTestTask.java:95)\n\tat java.base/java.util.ArrayList.forEach(ArrayList.java:1597)\n\tat org.junit.platform.engine.support.hierarchical.SameThreadHierarchicalTestExecutorService.invokeAll(SameThreadHierarchicalTestExecutorService.java:41)\n\tat org.junit.platform.engine.support.hierarchical.NodeTestTask.lambda$executeRecursively$6(NodeTestTask.java:155)\n\tat org.junit.platform.engine.support.hierarchical.ThrowableCollector.execute(ThrowableCollector.java:73)\n\tat org.junit.platform.engine.support.hierarchical.NodeTestTask.lambda$executeRecursively$8(NodeTestTask.java:141)\n\tat org.junit.platform.engine.support.hierarchical.Node.around(Node.java:137)\n\tat org.junit.platform.engine.support.hierarchical.NodeTestTask.lambda$executeRecursively$9(NodeTestTask.java:139)\n\tat org.junit.platform.engine.support.hierarchical.ThrowableCollector.execute(ThrowableCollector.java:73)\n\tat org.junit.platform.engine.support.hierarchical.NodeTestTask.executeRecursively(NodeTestTask.java:138)\n\tat org.junit.platform.engine.support.hierarchical.NodeTestTask.execute(NodeTestTask.java:95)\n\tat org.junit.platform.engine.support.hierarchical.SameThreadHierarchicalTestExecutorService.submit(SameThreadHierarchicalTestExecutorService.java:35)\n\tat org.junit.platform.engine.support.hierarchical.HierarchicalTestExecutor.execute(HierarchicalTestExecutor.java:57)\n\tat org.junit.platform.engine.support.hierarchical.HierarchicalTestEngine.execute(HierarchicalTestEngine.java:54)\n\tat org.junit.platform.launcher.core.EngineExecutionOrchestrator.execute(EngineExecutionOrchestrator.java:198)\n\tat org.junit.platform.launcher.core.EngineExecutionOrchestrator.execute(EngineExecutionOrchestrator.java:169)\n\tat org.junit.platform.launcher.core.EngineExecutionOrchestrator.execute(EngineExecutionOrchestrator.java:93)\n\tat org.junit.platform.launcher.core.EngineExecutionOrchestrator.lambda$execute$0(EngineExecutionOrchestrator.java:58)\n\tat org.junit.platform.launcher.core.EngineExecutionOrchestrator.withInterceptedStreams(EngineExecutionOrchestrator.java:141)\n\tat org.junit.platform.launcher.core.EngineExecutionOrchestrator.execute(EngineExecutionOrchestrator.java:57)\n\tat org.junit.platform.launcher.core.DefaultLauncher.execute(DefaultLauncher.java:103)\n\tat org.junit.platform.launcher.core.DefaultLauncher.execute(DefaultLauncher.java:85)\n\tat org.junit.platform.launcher.core.DelegatingLauncher.execute(DelegatingLauncher.java:47)\n\tat org.junit.platform.launcher.core.SessionPerRequestLauncher.execute(SessionPerRequestLauncher.java:63)\n\tat org.apache.maven.surefire.junitplatform.JUnitPlatformProvider.execute(JUnitPlatformProvider.java:188)\n\tat org.apache.maven.surefire.junitplatform.JUnitPlatformProvider.invokeAllTests(JUnitPlatformProvider.java:154)\n\tat org.apache.maven.surefire.junitplatform.JUnitPlatformProvider.invoke(JUnitPlatformProvider.java:128)\n\tat org.apache.maven.surefire.booter.ForkedBooter.runSuitesInProcess(ForkedBooter.java:428)\n\tat org.apache.maven.surefire.booter.ForkedBooter.execute(ForkedBooter.java:162)\n\tat org.apache.maven.surefire.booter.ForkedBooter.run(ForkedBooter.java:562)\n\tat org.apache.maven.surefire.booter.ForkedBooter.main(ForkedBooter.java:548)\nCaused by: org.openqa.selenium.ElementClickInterceptedException: element click intercepted: Element <button type=\"submit\" class=\"a83ed08757 c21c56c305 a4c1805887 f671049264 a2abacf76b c082d89982 cceeb8986b b9fd3c6b3c\">...</button> is not clickable at point (1356, 365). Other element would receive the click: <div class=\"eb33ef7c47\">...</div>\n  (Session info: chrome=131.0.6778.140)\nBuild info: version: '4.13.0', revision: 'ba948ece5b*'\nSystem info: os.name: 'Mac OS X', os.arch: 'aarch64', os.version: '14.6.1', java.version: '23.0.1'\nDriver info: org.openqa.selenium.chrome.ChromeDriver\nCommand: [06f08ca034a9fdcbcec0de7209a7bf26, clickElement {id=f.C9B91A4385E302FA540A6574F05FFFD2.d.AC9F63917D0F50ECD4A38AEED8418B0A.e.192}]\nCapabilities {acceptInsecureCerts: true, browserName: chrome, browserVersion: 131.0.6778.140, chrome: {chromedriverVersion: 131.0.6778.108 (3b014839fbc..., userDataDir: /var/folders/fy/h29xy59d11s...}, fedcm:accounts: true, goog:chromeOptions: {debuggerAddress: localhost:58981}, networkConnectionEnabled: false, pageLoadStrategy: normal, platformName: mac, proxy: Proxy(), se:cdp: ws://localhost:58981/devtoo..., se:cdpVersion: 131.0.6778.140, setWindowRect: true, strictFileInteractability: false, timeouts: {implicit: 0, pageLoad: 300000, script: 30000}, unhandledPromptBehavior: accept, webauthn:extension:credBlob: true, webauthn:extension:largeBlob: true, webauthn:extension:minPinLength: true, webauthn:extension:prf: true, webauthn:virtualAuthenticators: true}\nElement: [[ChromeDriver: chrome on mac (06f08ca034a9fdcbcec0de7209a7bf26)] -> xpath: //button[.//span[text()='Найти']]]\nSession ID: 06f08ca034a9fdcbcec0de7209a7bf26\n\tat java.base/jdk.internal.reflect.DirectConstructorHandleAccessor.newInstance(DirectConstructorHandleAccessor.java:62)\n\tat java.base/java.lang.reflect.Constructor.newInstanceWithCaller(Constructor.java:501)\n\tat java.base/java.lang.reflect.Constructor.newInstance(Constructor.java:485)\n\tat org.openqa.selenium.remote.codec.w3c.W3CHttpResponseCodec.createException(W3CHttpResponseCodec.java:200)\n\tat org.openqa.selenium.remote.codec.w3c.W3CHttpResponseCodec.decode(W3CHttpResponseCodec.java:133)\n\tat org.openqa.selenium.remote.codec.w3c.W3CHttpResponseCodec.decode(W3CHttpResponseCodec.java:52)\n\tat org.openqa.selenium.remote.HttpCommandExecutor.execute(HttpCommandExecutor.java:191)\n\tat org.openqa.selenium.remote.service.DriverCommandExecutor.invokeExecute(DriverCommandExecutor.java:196)\n\tat org.openqa.selenium.remote.service.DriverCommandExecutor.execute(DriverCommandExecutor.java:171)\n\tat org.openqa.selenium.remote.RemoteWebDriver.execute(RemoteWebDriver.java:602)\n\tat org.openqa.selenium.remote.RemoteWebElement.execute(RemoteWebElement.java:224)\n\tat org.openqa.selenium.remote.RemoteWebElement.click(RemoteWebElement.java:77)\n\tat com.codeborne.selenide.commands.Click.defaultClick(Click.java:97)\n\tat com.codeborne.selenide.commands.Click.click(Click.java:54)\n\tat com.codeborne.selenide.commands.Click.execute(Click.java:31)\n\tat com.codeborne.selenide.commands.Click.execute(Click.java:21)\n\tat com.codeborne.selenide.commands.Commands.execute(Commands.java:165)\n\tat com.codeborne.selenide.impl.SelenideElementProxy.dispatchAndRetry(SelenideElementProxy.java:132)\n\t... 73 more\n"},"stage":"finished","steps":[],"attachments":[{"name":"Screenshot","source":"e9241990-cdee-4b3b-9947-729cc38eb5a9-attachment.png","type":"image/png"},{"name":"Page source","source":"e78af66d-dc3f-44b1-a6d8-c5c8ab95db7a-attachment.html","type":"text/html"}],"parameters":[],"start":1734433901930,"stop":1734433912810}],"attachments":[],"parameters":[],"start":1734433897045,"stop":1734433912831}