{"uuid":"5cc5c936-840a-4135-a4af-ae099fc0f11c","historyId":"9503bf0067bceeec8ddc504a2ff111da","testCaseId":"[engine:junit-jupiter]/[class:com.mts.tests.BookingTest]/[method:testBookingSearch()]","testCaseName":"Тест поиска отелей в Праге","fullName":"com.mts.tests.BookingTest.testBookingSearch","labels":[{"name":"tag","value":"critical"},{"name":"junit.platform.uniqueid","value":"[engine:junit-jupiter]/[class:com.mts.tests.BookingTest]/[method:testBookingSearch()]"},{"name":"epic","value":"Функциональность бронирования"},{"name":"feature","value":"Поиск отелей"},{"name":"host","value":"MacBook-Pro-Tatiana.local"},{"name":"thread","value":"25736@MacBook-Pro-Tatiana.local.main(1)"},{"name":"framework","value":"junit-platform"},{"name":"language","value":"java"},{"name":"package","value":"com.mts.tests.BookingTest"},{"name":"testClass","value":"com.mts.tests.BookingTest"},{"name":"testMethod","value":"testBookingSearch"},{"name":"suite","value":"com.mts.tests.BookingTest"}],"links":[],"name":"Тест поиска отелей в Праге","status":"failed","statusDetails":{"known":false,"muted":false,"flaky":false,"message":"Element not found {By.xpath: //button[@data-map-trigger-button='1']//span[contains(text(), 'Показать на карте')]}\nExpected: clickable: interactable and enabled\nScreenshot: file:/Users/tatianakontsaeva/Downloads/exercise-2.2-master/build/reports/tests/1734434147152.0.png\nPage source: file:/Users/tatianakontsaeva/Downloads/exercise-2.2-master/build/reports/tests/1734434147152.0.html\nTimeout: 10 s.\nCaused by: NoSuchElementException: no such element: Unable to locate element: {\"method\":\"xpath\",\"selector\":\"//button[@data-map-trigger-button='1']//span[contains(text(), 'Показать на карте')]\"}","trace":"Element not found {By.xpath: //button[@data-map-trigger-button='1']//span[contains(text(), 'Показать на карте')]}\nExpected: clickable: interactable and enabled\nScreenshot: file:/Users/tatianakontsaeva/Downloads/exercise-2.2-master/build/reports/tests/1734434147152.0.png\nPage source: file:/Users/tatianakontsaeva/Downloads/exercise-2.2-master/build/reports/tests/1734434147152.0.html\nTimeout: 10 s.\nCaused by: NoSuchElementException: no such element: Unable to locate element: {\"method\":\"xpath\",\"selector\":\"//button[@data-map-trigger-button='1']//span[contains(text(), 'Показать на карте')]\"}\n\tat com.codeborne.selenide.impl.WebElementSource.createElementNotFoundError(WebElementSource.java:91)\n\tat com.codeborne.selenide.impl.ElementFinder.createElementNotFoundError(ElementFinder.java:142)\n\tat com.codeborne.selenide.impl.WebElementSource.handleError(WebElementSource.java:143)\n\tat com.codeborne.selenide.impl.WebElementSource.checkConditionAndReturnElement(WebElementSource.java:127)\n\tat com.codeborne.selenide.impl.WebElementSource.findAndAssertElementIsClickable(WebElementSource.java:173)\n\tat com.codeborne.selenide.commands.Click.findElement(Click.java:46)\n\tat com.codeborne.selenide.commands.Click.execute(Click.java:28)\n\tat com.codeborne.selenide.commands.Click.execute(Click.java:21)\n\tat com.codeborne.selenide.commands.Commands.execute(Commands.java:165)\n\tat com.codeborne.selenide.impl.SelenideElementProxy.dispatchAndRetry(SelenideElementProxy.java:132)\n\tat com.codeborne.selenide.impl.SelenideElementProxy.invoke(SelenideElementProxy.java:84)\n\tat jdk.proxy2/jdk.proxy2.$Proxy16.click(Unknown Source)\n\tat com.mts.pages.SearchResultsPage.clickMapButton(SearchResultsPage.java:19)\n\tat com.mts.tests.BookingTest.testBookingSearch(BookingTest.java:67)\n\tat java.base/java.lang.reflect.Method.invoke(Method.java:580)\n\tat java.base/java.util.ArrayList.forEach(ArrayList.java:1597)\n\tat java.base/java.util.ArrayList.forEach(ArrayList.java:1597)\nCaused by: org.openqa.selenium.NoSuchElementException: no such element: Unable to locate element: {\"method\":\"xpath\",\"selector\":\"//button[@data-map-trigger-button='1']//span[contains(text(), 'Показать на карте')]\"}\n  (Session info: chrome=131.0.6778.140)\nFor documentation on this error, please visit: https://www.selenium.dev/documentation/webdriver/troubleshooting/errors#no-such-element-exception\nBuild info: version: '4.13.0', revision: 'ba948ece5b*'\nSystem info: os.name: 'Mac OS X', os.arch: 'aarch64', os.version: '14.6.1', java.version: '23.0.1'\nDriver info: org.openqa.selenium.chrome.ChromeDriver\nCommand: [df86f100e5cf5e794fcbaba0de972d51, findElement {using=xpath, value=//button[@data-map-trigger-button='1']//span[contains(text(), 'Показать на карте')]}]\nCapabilities {acceptInsecureCerts: true, browserName: chrome, browserVersion: 131.0.6778.140, chrome: {chromedriverVersion: 131.0.6778.108 (3b014839fbc..., userDataDir: /var/folders/fy/h29xy59d11s...}, fedcm:accounts: true, goog:chromeOptions: {debuggerAddress: localhost:59158}, networkConnectionEnabled: false, pageLoadStrategy: normal, platformName: mac, proxy: Proxy(), se:cdp: ws://localhost:59158/devtoo..., se:cdpVersion: 131.0.6778.140, setWindowRect: true, strictFileInteractability: false, timeouts: {implicit: 0, pageLoad: 300000, script: 30000}, unhandledPromptBehavior: accept, webauthn:extension:credBlob: true, webauthn:extension:largeBlob: true, webauthn:extension:minPinLength: true, webauthn:extension:prf: true, webauthn:virtualAuthenticators: true}\nSession ID: df86f100e5cf5e794fcbaba0de972d51\n\tat java.base/jdk.internal.reflect.DirectConstructorHandleAccessor.newInstance(DirectConstructorHandleAccessor.java:62)\n\tat java.base/java.lang.reflect.Constructor.newInstanceWithCaller(Constructor.java:501)\n\tat java.base/java.lang.reflect.Constructor.newInstance(Constructor.java:485)\n\tat org.openqa.selenium.remote.codec.w3c.W3CHttpResponseCodec.createException(W3CHttpResponseCodec.java:200)\n\tat org.openqa.selenium.remote.codec.w3c.W3CHttpResponseCodec.decode(W3CHttpResponseCodec.java:133)\n\tat org.openqa.selenium.remote.codec.w3c.W3CHttpResponseCodec.decode(W3CHttpResponseCodec.java:52)\n\tat org.openqa.selenium.remote.HttpCommandExecutor.execute(HttpCommandExecutor.java:191)\n\tat org.openqa.selenium.remote.service.DriverCommandExecutor.invokeExecute(DriverCommandExecutor.java:196)\n\tat org.openqa.selenium.remote.service.DriverCommandExecutor.execute(DriverCommandExecutor.java:171)\n\tat org.openqa.selenium.remote.RemoteWebDriver.execute(RemoteWebDriver.java:602)\n\tat org.openqa.selenium.remote.ElementLocation$ElementFinder$2.findElement(ElementLocation.java:165)\n\tat org.openqa.selenium.remote.ElementLocation.findElement(ElementLocation.java:59)\n\tat org.openqa.selenium.remote.RemoteWebDriver.findElement(RemoteWebDriver.java:359)\n\tat org.openqa.selenium.remote.RemoteWebDriver.findElement(RemoteWebDriver.java:353)\n\tat com.codeborne.selenide.impl.WebElementSelector.findElement(WebElementSelector.java:70)\n\tat com.codeborne.selenide.impl.WebElementSelector.findElement(WebElementSelector.java:44)\n\tat com.codeborne.selenide.impl.WebElementSelector.findElement(WebElementSelector.java:33)\n\tat com.codeborne.selenide.impl.ElementFinder.getWebElement(ElementFinder.java:122)\n\tat com.codeborne.selenide.impl.WebElementSource.checkConditionAndReturnElement(WebElementSource.java:116)\n\t... 13 more\n"},"stage":"finished","description":"Тест поиска отелей по карте в Праге","steps":[{"name":"$(\"open\") https://booking.com/","status":"passed","stage":"finished","steps":[{"name":"$(\"webdriver\") create()","status":"passed","stage":"finished","steps":[],"attachments":[],"parameters":[],"start":1734434126673,"stop":1734434128393}],"attachments":[],"parameters":[],"start":1734434126671,"stop":1734434128963},{"name":"$(\"input[name='ss']\") set value(Прага)","status":"passed","stage":"finished","steps":[],"attachments":[],"parameters":[],"start":1734434128964,"stop":1734434130865},{"name":"$(\"button[data-testid='date-display-field-start']\") click()","status":"passed","stage":"finished","steps":[],"attachments":[],"parameters":[],"start":1734434130865,"stop":1734434131025},{"name":"$(\"#flexible-searchboxdatepicker-tab-trigger\") should be(visible)","status":"passed","stage":"finished","steps":[],"attachments":[],"parameters":[],"start":1734434131026,"stop":1734434131065},{"name":"$(\"#flexible-searchboxdatepicker-tab-trigger\") click()","status":"passed","stage":"finished","steps":[],"attachments":[],"parameters":[],"start":1734434131065,"stop":1734434131189},{"name":"$(\"By.xpath: //label//div[contains(text(), 'На выходные')]\") should be(visible)","status":"passed","stage":"finished","steps":[],"attachments":[],"parameters":[],"start":1734434131189,"stop":1734434131207},{"name":"$(\"By.xpath: //label//div[contains(text(), 'На выходные')]\") click()","status":"passed","stage":"finished","steps":[],"attachments":[],"parameters":[],"start":1734434131207,"stop":1734434131269},{"name":"$(\"By.xpath: //label[@data-testid='flexible-dates-month']//span[contains(text(), 'Янв') and following-sibling::span[text()='2025']]\") should be(visible)","status":"passed","stage":"finished","steps":[],"attachments":[],"parameters":[],"start":1734434131269,"stop":1734434131290},{"name":"$(\"By.xpath: //label[@data-testid='flexible-dates-month']//span[contains(text(), 'Янв') and following-sibling::span[text()='2025']]\") click()","status":"passed","stage":"finished","steps":[],"attachments":[],"parameters":[],"start":1734434131290,"stop":1734434131349},{"name":"$(\"button:has(span.e4adce92df)\") should be(enabled)","status":"passed","stage":"finished","steps":[],"attachments":[],"parameters":[],"start":1734434131349,"stop":1734434131363},{"name":"$(\"button:has(span.e4adce92df)\") click()","status":"passed","stage":"finished","steps":[],"attachments":[],"parameters":[],"start":1734434131363,"stop":1734434131447},{"name":"$(\"By.xpath: //button[.//span[text()='Найти']]\") should be(visible)","status":"passed","stage":"finished","steps":[],"attachments":[],"parameters":[],"start":1734434131447,"stop":1734434131463},{"name":"$(\"By.xpath: //button[.//span[text()='Найти']]\") should be(enabled)","status":"passed","stage":"finished","steps":[],"attachments":[],"parameters":[],"start":1734434131463,"stop":1734434131479},{"name":"$(\"By.xpath: //button[.//span[text()='Найти']]\") scroll into view({block: 'center'})","status":"passed","stage":"finished","steps":[],"attachments":[],"parameters":[],"start":1734434131479,"stop":1734434131490},{"name":"$(\"By.xpath: //button[.//span[text()='Найти']]\") click()","status":"passed","stage":"finished","steps":[],"attachments":[],"parameters":[],"start":1734434131490,"stop":1734434137055},{"name":"$(\"By.xpath: //button[@data-map-trigger-button='1']//span[contains(text(), 'Показать на карте')]\") click()","status":"failed","statusDetails":{"known":false,"muted":false,"flaky":false,"message":"Element not found {By.xpath: //button[@data-map-trigger-button='1']//span[contains(text(), 'Показать на карте')]}\nExpected: clickable: interactable and enabled\nScreenshot: file:/Users/tatianakontsaeva/Downloads/exercise-2.2-master/build/reports/tests/1734434147152.0.png\nPage source: file:/Users/tatianakontsaeva/Downloads/exercise-2.2-master/build/reports/tests/1734434147152.0.html\nTimeout: 10 s.\nCaused by: NoSuchElementException: no such element: Unable to locate element: {\"method\":\"xpath\",\"selector\":\"//button[@data-map-trigger-button='1']//span[contains(text(), 'Показать на карте')]\"}","trace":"Element not found {By.xpath: //button[@data-map-trigger-button='1']//span[contains(text(), 'Показать на карте')]}\nExpected: clickable: interactable and enabled\nScreenshot: file:/Users/tatianakontsaeva/Downloads/exercise-2.2-master/build/reports/tests/1734434147152.0.png\nPage source: file:/Users/tatianakontsaeva/Downloads/exercise-2.2-master/build/reports/tests/1734434147152.0.html\nTimeout: 10 s.\nCaused by: NoSuchElementException: no such element: Unable to locate element: {\"method\":\"xpath\",\"selector\":\"//button[@data-map-trigger-button='1']//span[contains(text(), 'Показать на карте')]\"}\n\tat com.codeborne.selenide.impl.WebElementSource.createElementNotFoundError(WebElementSource.java:91)\n\tat com.codeborne.selenide.impl.ElementFinder.createElementNotFoundError(ElementFinder.java:142)\n\tat com.codeborne.selenide.impl.WebElementSource.handleError(WebElementSource.java:143)\n\tat com.codeborne.selenide.impl.WebElementSource.checkConditionAndReturnElement(WebElementSource.java:127)\n\tat com.codeborne.selenide.impl.WebElementSource.findAndAssertElementIsClickable(WebElementSource.java:173)\n\tat com.codeborne.selenide.commands.Click.findElement(Click.java:46)\n\tat com.codeborne.selenide.commands.Click.execute(Click.java:28)\n\tat com.codeborne.selenide.commands.Click.execute(Click.java:21)\n\tat com.codeborne.selenide.commands.Commands.execute(Commands.java:165)\n\tat com.codeborne.selenide.impl.SelenideElementProxy.dispatchAndRetry(SelenideElementProxy.java:132)\n\tat com.codeborne.selenide.impl.SelenideElementProxy.invoke(SelenideElementProxy.java:84)\n\tat jdk.proxy2/jdk.proxy2.$Proxy16.click(Unknown Source)\n\tat com.mts.pages.SearchResultsPage.clickMapButton(SearchResultsPage.java:19)\n\tat com.mts.tests.BookingTest.testBookingSearch(BookingTest.java:67)\n\tat java.base/jdk.internal.reflect.DirectMethodHandleAccessor.invoke(DirectMethodHandleAccessor.java:103)\n\tat java.base/java.lang.reflect.Method.invoke(Method.java:580)\n\tat org.junit.platform.commons.util.ReflectionUtils.invokeMethod(ReflectionUtils.java:728)\n\tat org.junit.jupiter.engine.execution.MethodInvocation.proceed(MethodInvocation.java:60)\n\tat org.junit.jupiter.engine.execution.InvocationInterceptorChain$ValidatingInvocation.proceed(InvocationInterceptorChain.java:131)\n\tat org.junit.jupiter.engine.extension.TimeoutExtension.intercept(TimeoutExtension.java:156)\n\tat org.junit.jupiter.engine.extension.TimeoutExtension.interceptTestableMethod(TimeoutExtension.java:147)\n\tat org.junit.jupiter.engine.extension.TimeoutExtension.interceptTestMethod(TimeoutExtension.java:86)\n\tat org.junit.jupiter.engine.execution.InterceptingExecutableInvoker$ReflectiveInterceptorCall.lambda$ofVoidMethod$0(InterceptingExecutableInvoker.java:103)\n\tat org.junit.jupiter.engine.execution.InterceptingExecutableInvoker.lambda$invoke$0(InterceptingExecutableInvoker.java:93)\n\tat org.junit.jupiter.engine.execution.InvocationInterceptorChain$InterceptedInvocation.proceed(InvocationInterceptorChain.java:106)\n\tat org.junit.jupiter.engine.execution.InvocationInterceptorChain.proceed(InvocationInterceptorChain.java:64)\n\tat org.junit.jupiter.engine.execution.InvocationInterceptorChain.chainAndInvoke(InvocationInterceptorChain.java:45)\n\tat org.junit.jupiter.engine.execution.InvocationInterceptorChain.invoke(InvocationInterceptorChain.java:37)\n\tat org.junit.jupiter.engine.execution.InterceptingExecutableInvoker.invoke(InterceptingExecutableInvoker.java:92)\n\tat org.junit.jupiter.engine.execution.InterceptingExecutableInvoker.invoke(InterceptingExecutableInvoker.java:86)\n\tat org.junit.jupiter.engine.descriptor.TestMethodTestDescriptor.lambda$invokeTestMethod$7(TestMethodTestDescriptor.java:218)\n\tat org.junit.platform.engine.support.hierarchical.ThrowableCollector.execute(ThrowableCollector.java:73)\n\tat org.junit.jupiter.engine.descriptor.TestMethodTestDescriptor.invokeTestMethod(TestMethodTestDescriptor.java:214)\n\tat org.junit.jupiter.engine.descriptor.TestMethodTestDescriptor.execute(TestMethodTestDescriptor.java:139)\n\tat org.junit.jupiter.engine.descriptor.TestMethodTestDescriptor.execute(TestMethodTestDescriptor.java:69)\n\tat org.junit.platform.engine.support.hierarchical.NodeTestTask.lambda$executeRecursively$6(NodeTestTask.java:151)\n\tat org.junit.platform.engine.support.hierarchical.ThrowableCollector.execute(ThrowableCollector.java:73)\n\tat org.junit.platform.engine.support.hierarchical.NodeTestTask.lambda$executeRecursively$8(NodeTestTask.java:141)\n\tat org.junit.platform.engine.support.hierarchical.Node.around(Node.java:137)\n\tat org.junit.platform.engine.support.hierarchical.NodeTestTask.lambda$executeRecursively$9(NodeTestTask.java:139)\n\tat org.junit.platform.engine.support.hierarchical.ThrowableCollector.execute(ThrowableCollector.java:73)\n\tat org.junit.platform.engine.support.hierarchical.NodeTestTask.executeRecursively(NodeTestTask.java:138)\n\tat org.junit.platform.engine.support.hierarchical.NodeTestTask.execute(NodeTestTask.java:95)\n\tat java.base/java.util.ArrayList.forEach(ArrayList.java:1597)\n\tat org.junit.platform.engine.support.hierarchical.SameThreadHierarchicalTestExecutorService.invokeAll(SameThreadHierarchicalTestExecutorService.java:41)\n\tat org.junit.platform.engine.support.hierarchical.NodeTestTask.lambda$executeRecursively$6(NodeTestTask.java:155)\n\tat org.junit.platform.engine.support.hierarchical.ThrowableCollector.execute(ThrowableCollector.java:73)\n\tat org.junit.platform.engine.support.hierarchical.NodeTestTask.lambda$executeRecursively$8(NodeTestTask.java:141)\n\tat org.junit.platform.engine.support.hierarchical.Node.around(Node.java:137)\n\tat org.junit.platform.engine.support.hierarchical.NodeTestTask.lambda$executeRecursively$9(NodeTestTask.java:139)\n\tat org.junit.platform.engine.support.hierarchical.ThrowableCollector.execute(ThrowableCollector.java:73)\n\tat org.junit.platform.engine.support.hierarchical.NodeTestTask.executeRecursively(NodeTestTask.java:138)\n\tat org.junit.platform.engine.support.hierarchical.NodeTestTask.execute(NodeTestTask.java:95)\n\tat java.base/java.util.ArrayList.forEach(ArrayList.java:1597)\n\tat org.junit.platform.engine.support.hierarchical.SameThreadHierarchicalTestExecutorService.invokeAll(SameThreadHierarchicalTestExecutorService.java:41)\n\tat org.junit.platform.engine.support.hierarchical.NodeTestTask.lambda$executeRecursively$6(NodeTestTask.java:155)\n\tat org.junit.platform.engine.support.hierarchical.ThrowableCollector.execute(ThrowableCollector.java:73)\n\tat org.junit.platform.engine.support.hierarchical.NodeTestTask.lambda$executeRecursively$8(NodeTestTask.java:141)\n\tat org.junit.platform.engine.support.hierarchical.Node.around(Node.java:137)\n\tat org.junit.platform.engine.support.hierarchical.NodeTestTask.lambda$executeRecursively$9(NodeTestTask.java:139)\n\tat org.junit.platform.engine.support.hierarchical.ThrowableCollector.execute(ThrowableCollector.java:73)\n\tat org.junit.platform.engine.support.hierarchical.NodeTestTask.executeRecursively(NodeTestTask.java:138)\n\tat org.junit.platform.engine.support.hierarchical.NodeTestTask.execute(NodeTestTask.java:95)\n\tat org.junit.platform.engine.support.hierarchical.SameThreadHierarchicalTestExecutorService.submit(SameThreadHierarchicalTestExecutorService.java:35)\n\tat org.junit.platform.engine.support.hierarchical.HierarchicalTestExecutor.execute(HierarchicalTestExecutor.java:57)\n\tat org.junit.platform.engine.support.hierarchical.HierarchicalTestEngine.execute(HierarchicalTestEngine.java:54)\n\tat org.junit.platform.launcher.core.EngineExecutionOrchestrator.execute(EngineExecutionOrchestrator.java:198)\n\tat org.junit.platform.launcher.core.EngineExecutionOrchestrator.execute(EngineExecutionOrchestrator.java:169)\n\tat org.junit.platform.launcher.core.EngineExecutionOrchestrator.execute(EngineExecutionOrchestrator.java:93)\n\tat org.junit.platform.launcher.core.EngineExecutionOrchestrator.lambda$execute$0(EngineExecutionOrchestrator.java:58)\n\tat org.junit.platform.launcher.core.EngineExecutionOrchestrator.withInterceptedStreams(EngineExecutionOrchestrator.java:141)\n\tat org.junit.platform.launcher.core.EngineExecutionOrchestrator.execute(EngineExecutionOrchestrator.java:57)\n\tat org.junit.platform.launcher.core.DefaultLauncher.execute(DefaultLauncher.java:103)\n\tat org.junit.platform.launcher.core.DefaultLauncher.execute(DefaultLauncher.java:85)\n\tat org.junit.platform.launcher.core.DelegatingLauncher.execute(DelegatingLauncher.java:47)\n\tat org.junit.platform.launcher.core.SessionPerRequestLauncher.execute(SessionPerRequestLauncher.java:63)\n\tat org.apache.maven.surefire.junitplatform.JUnitPlatformProvider.execute(JUnitPlatformProvider.java:188)\n\tat org.apache.maven.surefire.junitplatform.JUnitPlatformProvider.invokeAllTests(JUnitPlatformProvider.java:154)\n\tat org.apache.maven.surefire.junitplatform.JUnitPlatformProvider.invoke(JUnitPlatformProvider.java:128)\n\tat org.apache.maven.surefire.booter.ForkedBooter.runSuitesInProcess(ForkedBooter.java:428)\n\tat org.apache.maven.surefire.booter.ForkedBooter.execute(ForkedBooter.java:162)\n\tat org.apache.maven.surefire.booter.ForkedBooter.run(ForkedBooter.java:562)\n\tat org.apache.maven.surefire.booter.ForkedBooter.main(ForkedBooter.java:548)\nCaused by: org.openqa.selenium.NoSuchElementException: no such element: Unable to locate element: {\"method\":\"xpath\",\"selector\":\"//button[@data-map-trigger-button='1']//span[contains(text(), 'Показать на карте')]\"}\n  (Session info: chrome=131.0.6778.140)\nFor documentation on this error, please visit: https://www.selenium.dev/documentation/webdriver/troubleshooting/errors#no-such-element-exception\nBuild info: version: '4.13.0', revision: 'ba948ece5b*'\nSystem info: os.name: 'Mac OS X', os.arch: 'aarch64', os.version: '14.6.1', java.version: '23.0.1'\nDriver info: org.openqa.selenium.chrome.ChromeDriver\nCommand: [df86f100e5cf5e794fcbaba0de972d51, findElement {using=xpath, value=//button[@data-map-trigger-button='1']//span[contains(text(), 'Показать на карте')]}]\nCapabilities {acceptInsecureCerts: true, browserName: chrome, browserVersion: 131.0.6778.140, chrome: {chromedriverVersion: 131.0.6778.108 (3b014839fbc..., userDataDir: /var/folders/fy/h29xy59d11s...}, fedcm:accounts: true, goog:chromeOptions: {debuggerAddress: localhost:59158}, networkConnectionEnabled: false, pageLoadStrategy: normal, platformName: mac, proxy: Proxy(), se:cdp: ws://localhost:59158/devtoo..., se:cdpVersion: 131.0.6778.140, setWindowRect: true, strictFileInteractability: false, timeouts: {implicit: 0, pageLoad: 300000, script: 30000}, unhandledPromptBehavior: accept, webauthn:extension:credBlob: true, webauthn:extension:largeBlob: true, webauthn:extension:minPinLength: true, webauthn:extension:prf: true, webauthn:virtualAuthenticators: true}\nSession ID: df86f100e5cf5e794fcbaba0de972d51\n\tat java.base/jdk.internal.reflect.DirectConstructorHandleAccessor.newInstance(DirectConstructorHandleAccessor.java:62)\n\tat java.base/java.lang.reflect.Constructor.newInstanceWithCaller(Constructor.java:501)\n\tat java.base/java.lang.reflect.Constructor.newInstance(Constructor.java:485)\n\tat org.openqa.selenium.remote.codec.w3c.W3CHttpResponseCodec.createException(W3CHttpResponseCodec.java:200)\n\tat org.openqa.selenium.remote.codec.w3c.W3CHttpResponseCodec.decode(W3CHttpResponseCodec.java:133)\n\tat org.openqa.selenium.remote.codec.w3c.W3CHttpResponseCodec.decode(W3CHttpResponseCodec.java:52)\n\tat org.openqa.selenium.remote.HttpCommandExecutor.execute(HttpCommandExecutor.java:191)\n\tat org.openqa.selenium.remote.service.DriverCommandExecutor.invokeExecute(DriverCommandExecutor.java:196)\n\tat org.openqa.selenium.remote.service.DriverCommandExecutor.execute(DriverCommandExecutor.java:171)\n\tat org.openqa.selenium.remote.RemoteWebDriver.execute(RemoteWebDriver.java:602)\n\tat org.openqa.selenium.remote.ElementLocation$ElementFinder$2.findElement(ElementLocation.java:165)\n\tat org.openqa.selenium.remote.ElementLocation.findElement(ElementLocation.java:59)\n\tat org.openqa.selenium.remote.RemoteWebDriver.findElement(RemoteWebDriver.java:359)\n\tat org.openqa.selenium.remote.RemoteWebDriver.findElement(RemoteWebDriver.java:353)\n\tat com.codeborne.selenide.impl.WebElementSelector.findElement(WebElementSelector.java:70)\n\tat com.codeborne.selenide.impl.WebElementSelector.findElement(WebElementSelector.java:44)\n\tat com.codeborne.selenide.impl.WebElementSelector.findElement(WebElementSelector.java:33)\n\tat com.codeborne.selenide.impl.ElementFinder.getWebElement(ElementFinder.java:122)\n\tat com.codeborne.selenide.impl.WebElementSource.checkConditionAndReturnElement(WebElementSource.java:116)\n\t... 79 more\n"},"stage":"finished","steps":[],"attachments":[{"name":"Screenshot","source":"f3895fed-f80f-4d6b-b060-e3a31bbae454-attachment.png","type":"image/png"},{"name":"Page source","source":"d4893eec-f57b-455a-8ff4-b5cd7773368a-attachment.html","type":"text/html"}],"parameters":[],"start":1734434137055,"stop":1734434147941}],"attachments":[],"parameters":[],"start":1734434126626,"stop":1734434147950}